{"numTotalTestSuites":2,"numPassedTestSuites":0,"numFailedTestSuites":2,"numPendingTestSuites":0,"numTotalTests":3,"numPassedTests":2,"numFailedTests":1,"numPendingTests":0,"numTodoTests":0,"snapshot":{"added":0,"failure":false,"filesAdded":0,"filesRemoved":0,"filesRemovedList":[],"filesUnmatched":0,"filesUpdated":0,"matched":0,"total":0,"unchecked":0,"uncheckedKeysByFile":[],"unmatched":0,"updated":0,"didUpdate":false},"startTime":1787039827202,"success":false,"testResults":[{"assertionResults":[{"ancestorTitles":["TechnicianDashboard"],"fullName":"TechnicianDashboard renders the simplified technical dispatch shell with queue and history navigation","status":"passed","title":"renders the simplified technical dispatch shell with queue and history navigation","duration":516.5576000000001,"failureMessages":[],"meta":{},"tags":[]},{"ancestorTitles":["TechnicianDashboard"],"fullName":"TechnicianDashboard loads assigned jobs from the API and displays the assigned job card with a live timer","status":"failed","title":"loads assigned jobs from the API and displays the assigned job card with a live timer","duration":1098.2245000000003,"failureMessages":["Error: Unable to find an element with the text: REQ-204. This could be because the text is broken up by multiple elements. In this case, you can provide a function for your text matcher to make your matcher more flexible.\n\nIgnored nodes: comments, script, style\n\u001b[36m<body>\u001b[39m\n  \u001b[36m<div>\u001b[39m\n    \u001b[36m<div\u001b[39m\n      \u001b[33mstyle\u001b[39m=\u001b[32m\"display: flex; min-height: 100vh; background: rgb(229, 231, 235);\"\u001b[39m\n    \u001b[36m>\u001b[39m\n      \u001b[36m<aside\u001b[39m\n        \u001b[33mstyle\u001b[39m=\u001b[32m\"width: 320px; background: rgb(2, 47, 43); color: rgb(230, 255, 251); padding: 20px 18px 16px; display: flex; flex-direction: column; border-right: 1px solid rgba(255, 255, 255, 0.08);\"\u001b[39m\n      \u001b[36m>\u001b[39m\n        \u001b[36m<div\u001b[39m\n          \u001b[33mstyle\u001b[39m=\u001b[32m\"display: flex; align-items: center; gap: 10px; padding: 8px 8px 20px;\"\u001b[39m\n        \u001b[36m>\u001b[39m\n          \u001b[36m<div\u001b[39m\n            \u001b[33mstyle\u001b[39m=\u001b[32m\"width: 42px; height: 42px; border-radius: 12px; background: rgb(10, 64, 58); display: flex; align-items: center; justify-content: center;\"\u001b[39m\n          \u001b[36m>\u001b[39m\n            \u001b[36m<svg\u001b[39m\n              \u001b[33mfill\u001b[39m=\u001b[32m\"none\"\u001b[39m\n              \u001b[33mheight\u001b[39m=\u001b[32m\"22\"\u001b[39m\n              \u001b[33mstroke\u001b[39m=\u001b[32m\"#86EFAC\"\u001b[39m\n              \u001b[33mstroke-linecap\u001b[39m=\u001b[32m\"round\"\u001b[39m\n              \u001b[33mstroke-linejoin\u001b[39m=\u001b[32m\"round\"\u001b[39m\n              \u001b[33mstroke-width\u001b[39m=\u001b[32m\"2\"\u001b[39m\n              \u001b[33mviewBox\u001b[39m=\u001b[32m\"0 0 24 24\"\u001b[39m\n              \u001b[33mwidth\u001b[39m=\u001b[32m\"22\"\u001b[39m\n            \u001b[36m>\u001b[39m\n              \u001b[36m<path\u001b[39m\n                \u001b[33md\u001b[39m=\u001b[32m\"M21 16V8a2 2 0 0 0-1-1.73l-7-4a2 2 0 0 0-2 0l-7 4A2 2 0 0 0 3 8v8a2 2 0 0 0 1 1.73l7 4a2 2 0 0 0 2 0l7-4A2 2 0 0 0 21 16z\"\u001b[39m\n              \u001b[36m/>\u001b[39m\n              \u001b[36m<polyline\u001b[39m\n                \u001b[33mpoints\u001b[39m=\u001b[32m\"3.27 6.96 12 12.01 20.73 6.96\"\u001b[39m\n              \u001b[36m/>\u001b[39m\n              \u001b[36m<line\u001b[39m\n                \u001b[33mx1\u001b[39m=\u001b[32m\"12\"\u001b[39m\n                \u001b[33mx2\u001b[39m=\u001b[32m\"12\"\u001b[39m\n                \u001b[33my1\u001b[39m=\u001b[32m\"22.08\"\u001b[39m\n                \u001b[33my2\u001b[39m=\u001b[32m\"12\"\u001b[39m\n              \u001b[36m/>\u001b[39m\n            \u001b[36m</svg>\u001b[39m\n          \u001b[36m</div>\u001b[39m\n          \u001b[36m<div>\u001b[39m\n            \u001b[36m<div\u001b[39m\n              \u001b[33mstyle\u001b[39m=\u001b[32m\"font-size: 28px; font-weight: 800; line-height: 1.2; color: rgb(255, 255, 255); font-family: Georgia, serif;\"\u001b[39m\n            \u001b[36m>\u001b[39m\n              \u001b[0mGreenGold OS\u001b[0m\n            \u001b[36m</div>\u001b[39m\n          \u001b[36m</div>\u001b[39m\n        \u001b[36m</div>\u001b[39m\n        \u001b[36m<div\u001b[39m\n          \u001b[33mstyle\u001b[39m=\u001b[32m\"padding: 6px 8px 18px; color: rgb(126, 231, 196); text-transform: uppercase; letter-spacing: 0.12em; font-size: 12px; font-weight: 800;\"\u001b[39m\n        \u001b[36m>\u001b[39m\n          \u001b[0mTechnical Workforce\u001b[0m\n        \u001b[36m</div>\u001b[39m\n        \u001b[36m<div\u001b[39m\n          \u001b[33mstyle\u001b[39m=\u001b[32m\"display: flex; flex-direction: column; gap: 8px; margin-top: 8px;\"\u001b[39m\n        \u001b[36m>\u001b[39m\n          \u001b[36m<button\u001b[39m\n            \u001b[33mstyle\u001b[39m=\u001b[32m\"display: flex; align-items: center; gap: 12px; width: 100%; padding: 12px 16px; border-radius: 12px; border: medium; cursor: pointer; text-align: left; background: rgb(16, 185, 129); color: rgb(255, 255, 255); font-weight: 700; font-size: 14px;\"\u001b[39m\n            \u001b[33mtype\u001b[39m=\u001b[32m\"button\"\u001b[39m\n          \u001b[36m>\u001b[39m\n            \u001b[36m<svg\u001b[39m\n              \u001b[33mfill\u001b[39m=\u001b[32m\"none\"\u001b[39m\n              \u001b[33mheight\u001b[39m=\u001b[32m\"20\"\u001b[39m\n              \u001b[33mstroke\u001b[39m=\u001b[32m\"#FFFFFF\"\u001b[39m\n              \u001b[33mstroke-linecap\u001b[39m=\u001b[32m\"round\"\u001b[39m\n              \u001b[33mstroke-linejoin\u001b[39m=\u001b[32m\"round\"\u001b[39m\n              \u001b[33mstroke-width\u001b[39m=\u001b[32m\"2\"\u001b[39m\n              \u001b[33mviewBox\u001b[39m=\u001b[32m\"0 0 24 24\"\u001b[39m\n              \u001b[33mwidth\u001b[39m=\u001b[32m\"20\"\u001b[39m\n            \u001b[36m>\u001b[39m\n              \u001b[36m<rect\u001b[39m\n                \u001b[33mheight\u001b[39m=\u001b[32m\"13\"\u001b[39m\n                \u001b[33mrx\u001b[39m=\u001b[32m\"2\"\u001b[39m\n                \u001b[33mwidth\u001b[39m=\u001b[32m\"15\"\u001b[39m\n                \u001b[33mx\u001b[39m=\u001b[32m\"1\"\u001b[39m\n                \u001b[33my\u001b[39m=\u001b[32m\"3\"\u001b[39m\n              \u001b[36m/>\u001b[39m\n              \u001b[36m<polygon\u001b[39m\n                \u001b[33mpoints\u001b[39m=\u001b[32m\"16 8 20 8 23 11 23 16 16 16 16 8\"\u001b[39m\n              \u001b[36m/>\u001b[39m\n              \u001b[36m<circle\u001b[39m\n                \u001b[33mcx\u001b[39m=\u001b[32m\"5.5\"\u001b[39m\n                \u001b[33mcy\u001b[39m=\u001b[32m\"18.5\"\u001b[39m\n                \u001b[33mr\u001b[39m=\u001b[32m\"2.5\"\u001b[39m\n              \u001b[36m/>\u001b[39m\n              \u001b[36m<circle\u001b[39m\n                \u001b[33mcx\u001b[39m=\u001b[32m\"18.5\"\u001b[39m\n                \u001b[33mcy\u001b[39m=\u001b[32m\"18.5\"\u001b[39m\n                \u001b[33mr\u001b[39m=\u001b[32m\"2.5\"\u001b[39m\n              \u001b[36m/>\u001b[39m\n            \u001b[36m</svg>\u001b[39m\n            \u001b[36m<span>\u001b[39m\n              \u001b[0mAssigned Jobs Queue\u001b[0m\n            \u001b[36m</span>\u001b[39m\n            \u001b[36m<span\u001b[39m\n              \u001b[33mstyle\u001b[39m=\u001b[32m\"margin-left: auto; background: rgb(52, 211, 153); color: rgb(6, 78, 59); padding: 2px 8px; border-radius: 10px; font-size: 11px; font-weight: 800;\"\u001b[39m\n            \u001b[36m>\u001b[39m\n              \u001b[0m1\u001b[0m\n            \u001b[36m</span>\u001b[39m\n          \u001b[36m</button>\u001b[39m\n          \u001b[36m<button\u001b[39m\n            \u001b[33mstyle\u001b[39m=\u001b[32m\"display: flex; align-items: center; gap: 12px; width: 100%; padding: 12px 16px; border-radius: 12px; border: medium; cursor: pointer; text-align: left; background: transparent; color: rgb(167, 243, 208); font-weight: 700; font-size: 14px;\"\u001b[39m\n            \u001b[33mtype\u001b[39m=\u001b[32m\"button\"\u001b[39m\n          \u001b[36m>\u001b[39m\n            \u001b[36m<svg\u001b[39m\n              \u001b[33mfill\u001b[39m=\u001b[32m\"none\"\u001b[39m\n              \u001b[33mheight\u001b[39m=\u001b[32m\"20\"\u001b[39m\n              \u001b[33mstroke\u001b[39m=\u001b[32m\"#A7F3D0\"\u001b[39m\n              \u001b[33mstroke-linecap\u001b[39m=\u001b[32m\"round\"\u001b[39m\n              \u001b[33mstroke-linejoin\u001b[39m=\u001b[32m\"round\"\u001b[39m\n              \u001b[33mstroke-width\u001b[39m=\u001b[32m\"2\"\u001b[39m\n              \u001b[33mviewBox\u001b[39m=\u001b[32m\"0 0 24 24\"\u001b[39m\n              \u001b[33mwidth\u001b[39m=\u001b[32m\"20\"\u001b[39m\n            \u001b[36m>\u001b[39m\n              \u001b[36m<path\u001b[39m\n                \u001b[33md\u001b[39m=\u001b[32m\"M20 21v-2a4 4 0 0 0-4-4H8a4 4 0 0 0-4 4v2\"\u001b[39m\n              \u001b[36m/>\u001b[39m\n              \u001b[36m<circle\u001b[39m\n                \u001b[33mcx\u001b[39m=\u001b[32m\"12\"\u001b[39m\n                \u001b[33mcy\u001b[39m=\u001b[32m\"7\"\u001b[39m\n                \u001b[33mr\u001b[39m=\u001b[32m\"4\"\u001b[39m\n              \u001b[36m/>\u001b[39m\n            \u001b[36m</svg>\u001b[39m\n            \u001b[36m<span>\u001b[39m\n              \u001b[0mCompleted Jobs History\u001b[0m\n            \u001b[36m</span>\u001b[39m\n          \u001b[36m</button>\u001b[39m\n        \u001b[36m</div>\u001b[39m\n        \u001b[36m<div\u001b[39m\n          \u001b[33mstyle\u001b[39m=\u001b[32m\"margin-top: auto; background: rgba(255, 255, 255, 0.04); border-radius: 12px; padding: 14px; border: 1px solid rgba(255, 255, 255, 0.08);\"\u001b[39m\n        \u001b[36m>\u001b[39m\n          \u001b[36m<div\u001b[39m\n            \u001b[33mstyle\u001b[39m=\u001b[32m\"font-size: 11px; color: rgb(52, 211, 153); font-weight: 800; text-transform: uppercase; letter-spacing: 0.05em; margin-bottom: 8px;\"\u001b[39m\n          \u001b[36m>\u001b[39m\n            \u001b[0mTechnical Worker Profile\u001b[0m\n          \u001b[36m</div>\u001b[39m\n          \u001b[36m<div\u001b[39m\n            \u001b[33mstyle\u001b[39m=\u001b[32m\"font-size: 15px; font-weight: 800; color: rgb(255, 255, 255);\"\u001b[39m\n          \u001b[36m>\u001b[39m\n            \u001b[0mAhmed Nawaz\u001b[0m\n          \u001b[36m</div>\u001b[39m\n          \u001b[36m<div\u001b[39m\n            \u001b[33mstyle\u001b[39m=\u001b[32m\"font-size: 13px; color: rgb(249, 199, 79); font-weight: 700; margin-top: 2px;\"\u001b[39m\n          \u001b[36m>\u001b[39m\n            \u001b[0mEmployee ID: \u001b[0m\n            \u001b[0mT-104\u001b[0m\n          \u001b[36m</div>\u001b[39m\n          \u001b[36m<div\u001b[39m\n            \u001b[33mstyle\u001b[39m=\u001b[32m\"font-size: 12px; color: rgb(167, 243, 208); margin-top: 8px;\"\u001b[39m\n          \u001b[36m>\u001b[39m\n            \u001b[0mPrimary: \u001b[0m\n            \u001b[0m+923252724238\u001b[0m\n          \u001b[36m</div>\u001b[39m\n          \u001b[36m<div\u001b[39m\n            \u001b[33mstyle\u001b[39m=\u001b[32m\"font-size: 12px; color: rgb(167, 243, 208);\"\u001b[39m\n          \u001b[36m>\u001b[39m\n            \u001b[0mSecondary: \u001b[0m\n            \u001b[0m+923227244238\u001b[0m\n          \u001b[36m</div>\u001b[39m\n        \u001b[36m</div>\u001b[39m\n        \u001b[36m<button\u001b[39m\n          \u001b[33mstyle\u001b[39m=\u001b[32m\"margin-top: 18px; width: 100%; background: transparent; color: rgb(167, 243, 208); border: 1px solid rgba(255, 255, 255, 0.2); border-radius: 10px; padding: 10px 12px; font-size: 13px; font-weight: 700; cursor: pointer;\"\u001b[39m\n          \u001b[33mtype\u001b[39m=\u001b[32m\"button\"\u001b[39m\n        \u001b[36m>\u001b[39m\n          \u001b[0mLogout Portal »\u001b[0m\n        \u001b[36m</button>\u001b[39m\n      \u001b[36m</aside>\u001b[39m\n      \u001b[36m<main\u001b[39m\n        \u001b[33mstyle\u001b[39m=\u001b[32m\"flex: 1 1 0%; padding: 28px 36px 32px; background: rgb(243, 244, 246);\"\u001b[39m\n      \u001b[36m>\u001b[39m\n        \u001b[36m<header\u001b[39m\n          \u001b[33mstyle\u001b[39m=\u001b[32m\"margin-bottom: 24px;\"\u001b[39m\n        \u001b[36m>\u001b[39m\n          \u001b[36m<h1\u001b[39m\n            \u001b[33mstyle\u001b[39m=\u001b[32m\"margin: 0px; font-size: 38px; line-height: 1.1; color: rgb(15, 23, 42); font-family: Georgia, serif;\"\u001b[39m\n          \u001b[36m>\u001b[39m\n            \u001b[0mTechnical Worker Dispatch Console (\u001b[0m\n            \u001b[0mT-104\u001b[0m\n            \u001b[0m)\u001b[0m\n          \u001b[36m</h1>\u001b[39m\n          \u001b[36m<p\u001b[39m\n            \u001b[33mstyle\u001b[39m=\u001b[32m\"margin: 8px 0px 0px; font-size: 15px; color: rgb(71, 85, 105);\"\u001b[39m\n          \u001b[36m>\u001b[39m\n            \u001b[0mLogged in as \u001b[0m\n            \u001b[36m<strong>\u001b[39m\n              \u001b[0mAhmed Nawaz\u001b[0m\n            \u001b[36m</strong>\u001b[39m\n            \u001b[0m (Employee ID: \u001b[0m\n            \u001b[36m<strong>\u001b[39m\n              \u001b[0mT-104\u001b[0m\n            \u001b[36m</strong>\u001b[39m\n            \u001b[0m). Real-time job acceptance & installation.\u001b[0m\n          \u001b[36m</p>\u001b[39m\n        \u001b[36m</header>\u001b[39m\n        \u001b[36m<div\u001b[39m\n          \u001b[33mstyle\u001b[39m=\u001b[32m\"display: flex; flex-direction: column; gap: 20px;\"\u001b[39m\n        \u001b[36m>\u001b[39m\n          \u001b[36m<div\u001b[39m\n            \u001b[33mstyle\u001b[39m=\u001b[32m\"background: rgb(255, 255, 255); border-radius: 20px; border: 1px solid rgb(229, 231, 235); padding: 22px 22px 18px;\"\u001b[39m\n          \u001b[36m>\u001b[39m\n            \u001b[36m<div\u001b[39m\n              \u001b[33mstyle\u001b[39m=\u001b[32m\"display: flex; justify-content: space-between; align-items: flex-start; margin-bottom: 16px;\"\u001b[39m\n            \u001b[36m>\u001b[39m\n              \u001b[36m<div>\u001b[39m\n                \u001b[36m<div\u001b[39m\n                  \u001b[33mstyle\u001b[39m=\u001b[32m\"font-size: 12px; font-weight: 800; letter-spacing: 0.08em; color: rgb(4, 120, 87); text-transform: uppercase;\"\u001b[39m\n                \u001b[36m>\u001b[39m\n                  \u001b[0mRequest #\u001b[0m\n                  \u001b[0mREQ-204\u001b[0m\n                \u001b[36m</div>\u001b[39m\n                \u001b[36m<h2\u001b[39m\n                  \u001b[33mstyle\u001b[39m=\u001b[32m\"margin: 4px 0px 0px; font-size: 24px; font-weight: 800; color: rgb(15, 23, 42); font-family: Georgia, serif;\"\u001b[39m\n                \u001b[36m>\u001b[39m\n                  \u001b[0mNorthwind Foods\u001b[0m\n                \u001b[36m</h2>\u001b[39m\n                \u001b[36m<div\u001b[39m\n                  \u001b[33mstyle\u001b[39m=\u001b[32m\"margin-top: 6px; font-size: 13px; color: rgb(100, 116, 139);\"\u001b[39m\n                \u001b[36m>\u001b[39m\n                  \u001b[0mLocation: \u001b[0m\n                  \u001b[0mPlot 18, Blue Area, Islamabad\u001b[0m\n                \u001b[36m</div>\u001b[39m\n              \u001b[36m</div>\u001b[39m\n              \u001b[36m<div\u001b[39m\n                \u001b[33mstyle\u001b[39m=\u001b[32m\"text-align: right;\"\u001b[39m\n              \u001b[36m>\u001b[39m\n                \u001b[36m<span\u001b[39m\n                  \u001b[33mstyle\u001b[39m=\u001b[32m\"display: inline-block; padding: 6px 14px; border-radius: 8px; font-size: 12px; font-weight: 800; background: rgb(254, 243, 199); color: rgb(180, 83, 9); border: 1px solid rgb(252, 211, 77);\"\u001b[39m\n                \u001b[36m>\u001b[39m\n                  \u001b[0mSTATUS: \u001b[0m\n                  \u001b[0mASSIGNED\u001b[0m\n                \u001b[36m</span>\u001b[39m\n                \u001b[36m<div\u001b[39m\n                  \u001b[33mstyle\u001b[39m=\u001b[32m\"margin-top: 8px; color: rgb(220, 38, 38); font-size: 13px; font-weight: 900;\"\u001b[39m\n                \u001b[36m>\u001b[39m\n                  \u001b[0mTimer: \u001b[0m\n                  \u001b[0m4:59\u001b[0m\n                  \u001b[0m Left\u001b[0m\n                \u001b[36m</div>\u001b[39m\n              \u001b[36m</div>\u001b[39m\n            \u001b[36m</div>\u001b[39m\n            \u001b[36m<div\u001b[39m\n              \u001b[33mstyle\u001b[39m=\u001b[32m\"display: grid; grid-template-columns: repeat(3, minmax(0, 1fr)); gap: 16px; background: rgb(248, 250, 252); border: 1px solid rgb(226, 232, 240); border-radius: 12px; padding: 16px;\"\u001b[39m\n            \u001b[36m>\u001b[39m\n              \u001b[36m<div>\u001b[39m\n                \u001b[36m<div\u001b[39m\n                  \u001b[33mstyle\u001b[39m=\u001b[32m\"font-size: 11px; color: rgb(100, 116, 139); font-weight: 800; text-transform: uppercase; letter-spacing: 0.06em;\"\u001b[39m\n                \u001b[36m>\u001b[39m\n                  \u001b[0mBins Quota\u001b[0m\n                \u001b[36m</div>\u001b[39m\n                \u001b[36m<div\u001b[39m\n                  \u001b[33mstyle\u001b[39m=\u001b[32m\"margin-top: 4px; font-size: 16px; font-weight: 800; color: rgb(15, 23, 42);\"\u001b[39m\n                \u001b[36m>\u001b[39m\n                  \u001b[0m2\u001b[0m\n                  \u001b[0m Units\u001b[0m\n                \u001b[36m</div>\u001b[39m\n              \u001b[36m</div>\u001b[39m\n              \u001b[36m<div>\u001b[39m\n                \u001b[36m<div\u001b[39m\n                  \u001b[33mstyle\u001b[39m=\u001b[32m\"font-size: 11px; color: rgb(100, 116, 139); font-weight: 800; text-transform: uppercase; letter-spacing: 0.06em;\"\u001b[39m\n                \u001b[36m>\u001b[39m\n                  \u001b[0mContact Person\u001b[0m\n                \u001b[36m</div>\u001b[39m\n                \u001b[36m<div\u001b[39m\n                  \u001b[33mstyle\u001b[39m=\u001b[32m\"margin-top: 4px; font-size: 16px; font-weight: 800; color: rgb(15, 23, 42);\"\u001b[39m\n                \u001b[36m>\u001b[39m\n                  \u001b[0mCustomer Portal\u001b[0m\n                \u001b[36m</div>\u001b[39m\n              \u001b[36m</div>\u001b[39m\n              \u001b[36m<div>\u001b[39m\n                \u001b[36m<div\u001b[39m\n                  \u001b[33mstyle\u001b[39m=\u001b[32m\"font-size: 11px; color: rgb(100, 116, 139); font-weight: 800; text-transform: uppercase; letter-spacing: 0.06em;\"\u001b[39m\n                \u001b[36m>\u001b[39m\n                  \u001b[0mCustomer Phone\u001b[0m\n                \u001b[36m</div>\u001b[39m\n                \u001b[36m<div\u001b[39m\n                  \u001b[33mstyle\u001b[39m=\u001b[32m\"margin-top: 4px; font-size: 16px; font-weight: 800; color: rgb(15, 23, 42);\"\u001b[39m\n                \u001b[36m>\u001b[39m\n                  \u001b[0m+92 300 1234567\u001b[0m\n                \u001b[36m</div>\u001b[39m\n              \u001b[36m</div>\u001b[39m\n            \u001b[36m</div>\u001b[39m\n            \u001b[36m<div\u001b[39m\n              \u001b[33mstyle\u001b[39m=\u001b[32m\"display: flex; justify-content: flex-end; margin-top: 18px;\"\u001b[39m\n            \u001b[36m>\u001b[39m\n              \u001b[36m<button\u001b[39m\n                \u001b[33mstyle\u001b[39m=\u001b[32m\"background: rgb(34, 197, 94); color: rgb(255, 255, 255); border: medium; border-radius: 12px; padding: 12px 24px; font-size: 15px; font-weight: 800; cursor: pointer; box-shadow: 0 8px 20px rgba(34, 197, 94, 0.25);\"\u001b[39m\n                \u001b[33mtype\u001b[39m=\u001b[32m\"button\"\u001b[39m\n              \u001b[36m>\u001b[39m\n                \u001b[0mAccept Assignment »\u001b[0m\n              \u001b[36m</button>\u001b[39m\n            \u001b[36m</div>\u001b[39m\n          \u001b[36m</div>\u001b[39m\n        \u001b[36m</div>\u001b[39m\n      \u001b[36m</main>\u001b[39m\n    \u001b[36m</div>\u001b[39m\n  \u001b[36m</div>\u001b[39m\n\u001b[36m</body>\u001b[39m\n    at waitForWrapper (C:\\Users\\ahmed\\Downloads\\GreenGoldOS-main (1)\\GreenGoldOS-main\\node_modules\\@testing-library\\dom\\dist\\wait-for.js:163:27)\n    at C:\\Users\\ahmed\\Downloads\\GreenGoldOS-main (1)\\GreenGoldOS-main\\node_modules\\@testing-library\\dom\\dist\\query-helpers.js:86:33\n    at C:/Users/ahmed/Downloads/GreenGoldOS-main (1)/GreenGoldOS-main/src/components/TechnicianDashboard.test.jsx:51:25\n    at file:///C:/Users/ahmed/Downloads/GreenGoldOS-main%20(1)/GreenGoldOS-main/node_modules/@vitest/runner/dist/chunk-artifact.js:302:11\n    at file:///C:/Users/ahmed/Downloads/GreenGoldOS-main%20(1)/GreenGoldOS-main/node_modules/@vitest/runner/dist/chunk-artifact.js:1903:26\n    at file:///C:/Users/ahmed/Downloads/GreenGoldOS-main%20(1)/GreenGoldOS-main/node_modules/@vitest/runner/dist/chunk-artifact.js:2326:20\n    at new Promise (<anonymous>)\n    at runWithCancel (file:///C:/Users/ahmed/Downloads/GreenGoldOS-main%20(1)/GreenGoldOS-main/node_modules/@vitest/runner/dist/chunk-artifact.js:2323:10)\n    at file:///C:/Users/ahmed/Downloads/GreenGoldOS-main%20(1)/GreenGoldOS-main/node_modules/@vitest/runner/dist/chunk-artifact.js:2305:20\n    at new Promise (<anonymous>)"],"meta":{},"tags":[]},{"ancestorTitles":["TechnicianDashboard"],"fullName":"TechnicianDashboard accepts an assignment through the backend API","status":"passed","title":"accepts an assignment through the backend API","duration":631.0074999999997,"failureMessages":[],"meta":{},"tags":[]}],"startTime":1787039831415,"endTime":1787039833662.0076,"status":"failed","message":"","name":"C:/Users/ahmed/Downloads/GreenGoldOS-main (1)/GreenGoldOS-main/src/components/TechnicianDashboard.test.jsx"}]}